2023-03-10T19:42:08.113+08:00  INFO 13548 --- [main] c.t.t.TestSpringbootApplication          : Starting TestSpringbootApplication using Java 19 with PID 13548 (D:\Develop\SourceCode\IdeaProjects\test-springboot\target\classes started by twcch in D:\Develop\SourceCode\IdeaProjects\test-springboot)
2023-03-10T19:42:08.116+08:00 DEBUG 13548 --- [main] c.t.t.TestSpringbootApplication          : Running with Spring Boot v3.0.4, Spring v6.0.6
2023-03-10T19:42:08.117+08:00  INFO 13548 --- [main] c.t.t.TestSpringbootApplication          : No active profile set, falling back to 1 default profile: "default"
2023-03-10T19:42:08.981+08:00  INFO 13548 --- [main] o.s.b.w.embedded.tomcat.TomcatWebServer  : Tomcat initialized with port(s): 8080 (http)
2023-03-10T19:42:08.993+08:00  INFO 13548 --- [main] o.apache.catalina.core.StandardService   : Starting service [Tomcat]
2023-03-10T19:42:08.993+08:00  INFO 13548 --- [main] o.apache.catalina.core.StandardEngine    : Starting Servlet engine: [Apache Tomcat/10.1.5]
2023-03-10T19:42:09.087+08:00  INFO 13548 --- [main] o.a.c.c.C.[Tomcat].[localhost].[/]       : Initializing Spring embedded WebApplicationContext
2023-03-10T19:42:09.088+08:00  INFO 13548 --- [main] w.s.c.ServletWebServerApplicationContext : Root WebApplicationContext: initialization completed in 920 ms
2023-03-10T19:42:09.344+08:00  WARN 13548 --- [main] ion$DefaultTemplateResolverConfiguration : Cannot find template location: classpath:/templates/ (please add some templates, check your Thymeleaf configuration, or set spring.thymeleaf.check-template-location=false)
2023-03-10T19:42:09.413+08:00  INFO 13548 --- [main] o.s.b.w.embedded.tomcat.TomcatWebServer  : Tomcat started on port(s): 8080 (http) with context path ''
2023-03-10T19:42:09.421+08:00  INFO 13548 --- [main] c.t.t.TestSpringbootApplication          : Started TestSpringbootApplication in 1.774 seconds (process running for 2.46)
2023-03-10T20:10:25.561+08:00  INFO 1148 --- [main] c.t.t.TestSpringbootApplication          : Starting TestSpringbootApplication using Java 19 with PID 1148 (D:\Develop\SourceCode\IdeaProjects\test-springboot\target\classes started by twcch in D:\Develop\SourceCode\IdeaProjects\test-springboot)
2023-03-10T20:10:25.565+08:00 DEBUG 1148 --- [main] c.t.t.TestSpringbootApplication          : Running with Spring Boot v3.0.4, Spring v6.0.6
2023-03-10T20:10:25.566+08:00  INFO 1148 --- [main] c.t.t.TestSpringbootApplication          : No active profile set, falling back to 1 default profile: "default"
2023-03-10T20:10:26.789+08:00  INFO 1148 --- [main] o.s.b.w.embedded.tomcat.TomcatWebServer  : Tomcat initialized with port(s): 8080 (http)
2023-03-10T20:10:26.804+08:00  INFO 1148 --- [main] o.apache.catalina.core.StandardService   : Starting service [Tomcat]
2023-03-10T20:10:26.804+08:00  INFO 1148 --- [main] o.apache.catalina.core.StandardEngine    : Starting Servlet engine: [Apache Tomcat/10.1.5]
2023-03-10T20:10:26.929+08:00  INFO 1148 --- [main] o.a.c.c.C.[Tomcat].[localhost].[/]       : Initializing Spring embedded WebApplicationContext
2023-03-10T20:10:26.930+08:00  INFO 1148 --- [main] w.s.c.ServletWebServerApplicationContext : Root WebApplicationContext: initialization completed in 1262 ms
2023-03-10T20:10:27.329+08:00  WARN 1148 --- [main] ion$DefaultTemplateResolverConfiguration : Cannot find template location: classpath:/templates/ (please add some templates, check your Thymeleaf configuration, or set spring.thymeleaf.check-template-location=false)
2023-03-10T20:10:27.413+08:00  INFO 1148 --- [main] o.s.b.w.embedded.tomcat.TomcatWebServer  : Tomcat started on port(s): 8080 (http) with context path ''
2023-03-10T20:10:27.424+08:00  INFO 1148 --- [main] c.t.t.TestSpringbootApplication          : Started TestSpringbootApplication in 2.658 seconds (process running for 3.644)
2023-03-10T20:10:37.412+08:00  INFO 1148 --- [http-nio-8080-exec-2] o.a.c.c.C.[Tomcat].[localhost].[/]       : Initializing Spring DispatcherServlet 'dispatcherServlet'
2023-03-10T20:10:37.412+08:00  INFO 1148 --- [http-nio-8080-exec-2] o.s.web.servlet.DispatcherServlet        : Initializing Servlet 'dispatcherServlet'
2023-03-10T20:10:37.413+08:00  INFO 1148 --- [http-nio-8080-exec-2] o.s.web.servlet.DispatcherServlet        : Completed initialization in 0 ms
2023-03-10T20:11:18.558+08:00  INFO 8848 --- [main] c.t.t.TestSpringbootApplication          : Starting TestSpringbootApplication using Java 19 with PID 8848 (D:\Develop\SourceCode\IdeaProjects\test-springboot\target\classes started by twcch in D:\Develop\SourceCode\IdeaProjects\test-springboot)
2023-03-10T20:11:18.562+08:00 DEBUG 8848 --- [main] c.t.t.TestSpringbootApplication          : Running with Spring Boot v3.0.4, Spring v6.0.6
2023-03-10T20:11:18.563+08:00  INFO 8848 --- [main] c.t.t.TestSpringbootApplication          : No active profile set, falling back to 1 default profile: "default"
2023-03-10T20:11:19.751+08:00  INFO 8848 --- [main] o.s.b.w.embedded.tomcat.TomcatWebServer  : Tomcat initialized with port(s): 8080 (http)
2023-03-10T20:11:19.762+08:00  INFO 8848 --- [main] o.apache.catalina.core.StandardService   : Starting service [Tomcat]
2023-03-10T20:11:19.762+08:00  INFO 8848 --- [main] o.apache.catalina.core.StandardEngine    : Starting Servlet engine: [Apache Tomcat/10.1.5]
2023-03-10T20:11:19.886+08:00  INFO 8848 --- [main] o.a.c.c.C.[Tomcat].[localhost].[/]       : Initializing Spring embedded WebApplicationContext
2023-03-10T20:11:19.887+08:00  INFO 8848 --- [main] w.s.c.ServletWebServerApplicationContext : Root WebApplicationContext: initialization completed in 1238 ms
2023-03-10T20:11:20.257+08:00  WARN 8848 --- [main] ion$DefaultTemplateResolverConfiguration : Cannot find template location: classpath:/templates/ (please add some templates, check your Thymeleaf configuration, or set spring.thymeleaf.check-template-location=false)
2023-03-10T20:11:20.343+08:00  INFO 8848 --- [main] o.s.b.w.embedded.tomcat.TomcatWebServer  : Tomcat started on port(s): 8080 (http) with context path ''
2023-03-10T20:11:20.353+08:00  INFO 8848 --- [main] c.t.t.TestSpringbootApplication          : Started TestSpringbootApplication in 2.44 seconds (process running for 3.319)
2023-03-10T20:11:23.191+08:00  INFO 8848 --- [http-nio-8080-exec-1] o.a.c.c.C.[Tomcat].[localhost].[/]       : Initializing Spring DispatcherServlet 'dispatcherServlet'
2023-03-10T20:11:23.191+08:00  INFO 8848 --- [http-nio-8080-exec-1] o.s.web.servlet.DispatcherServlet        : Initializing Servlet 'dispatcherServlet'
2023-03-10T20:11:23.192+08:00  INFO 8848 --- [http-nio-8080-exec-1] o.s.web.servlet.DispatcherServlet        : Completed initialization in 1 ms
